Using pre-set license
Built from '2021.2/staging' branch; Version is '2021.2.8f1 (d0e5f0a7b06a) revision 13690352'; Using compiler version '192829333'; Build Type 'Release'
OS: 'Windows 10  (10.0.19043) 64bit Core' Language: 'zh' Physical Memory: 15792 MB
BatchMode: 1, IsHumanControllingUs: 0, StartBugReporterOnCrash: 0, Is64bit: 1, IsPro: 0

COMMAND LINE ARGUMENTS:
C:\Program Files\Unity\Hub\Editor\2021.2.8f1\Editor\Unity.exe
-adb2
-batchMode
-noUpm
-name
AssetImportWorker1
-projectPath
D:/Unity_Project/GreetSys
-logFile
Logs/AssetImportWorker1.log
-srvPort
62621
Successfully changed project path to: D:/Unity_Project/GreetSys
D:/Unity_Project/GreetSys
[UnityMemory] Configuration Parameters - Can be set up in boot.config
    "memorysetup-bucket-allocator-granularity=16"
    "memorysetup-bucket-allocator-bucket-count=8"
    "memorysetup-bucket-allocator-block-size=33554432"
    "memorysetup-bucket-allocator-block-count=8"
    "memorysetup-main-allocator-block-size=16777216"
    "memorysetup-thread-allocator-block-size=16777216"
    "memorysetup-gfx-main-allocator-block-size=16777216"
    "memorysetup-gfx-thread-allocator-block-size=16777216"
    "memorysetup-cache-allocator-block-size=4194304"
    "memorysetup-typetree-allocator-block-size=2097152"
    "memorysetup-profiler-bucket-allocator-granularity=16"
    "memorysetup-profiler-bucket-allocator-bucket-count=8"
    "memorysetup-profiler-bucket-allocator-block-size=33554432"
    "memorysetup-profiler-bucket-allocator-block-count=8"
    "memorysetup-profiler-allocator-block-size=16777216"
    "memorysetup-profiler-editor-allocator-block-size=1048576"
    "memorysetup-temp-allocator-size-main=16777216"
    "memorysetup-job-temp-allocator-block-size=2097152"
    "memorysetup-job-temp-allocator-block-size-background=1048576"
    "memorysetup-job-temp-allocator-reduction-small-platforms=262144"
    "memorysetup-temp-allocator-size-background-worker=32768"
    "memorysetup-temp-allocator-size-job-worker=262144"
    "memorysetup-temp-allocator-size-preload-manager=33554432"
    "memorysetup-temp-allocator-size-nav-mesh-worker=65536"
    "memorysetup-temp-allocator-size-audio-worker=65536"
    "memorysetup-temp-allocator-size-cloud-worker=32768"
    "memorysetup-temp-allocator-size-gi-baking-worker=262144"
    "memorysetup-temp-allocator-size-gfx=262144"
Refreshing native plugins compatible for Editor in 28.44 ms, found 2 plugins.
Preloading 0 native plugins for Editor in 0.00 ms.
Initialize engine version: 2021.2.8f1 (d0e5f0a7b06a)
[Subsystems] Discovering subsystems at path C:/Program Files/Unity/Hub/Editor/2021.2.8f1/Editor/Data/Resources/UnitySubsystems
[Subsystems] Discovering subsystems at path D:/Unity_Project/GreetSys/Assets
GfxDevice: creating device client; threaded=0; jobified=0
Direct3D:
    Version:  Direct3D 11.0 [level 11.1]
    Renderer: NVIDIA GeForce RTX 3060 Laptop GPU (ID=0x2520)
    Vendor:   NVIDIA
    VRAM:     6023 MB
    Driver:   30.0.14.9649
Initialize mono
Mono path[0] = 'C:/Program Files/Unity/Hub/Editor/2021.2.8f1/Editor/Data/Managed'
Mono path[1] = 'C:/Program Files/Unity/Hub/Editor/2021.2.8f1/Editor/Data/MonoBleedingEdge/lib/mono/unityjit-win32'
Mono config path = 'C:/Program Files/Unity/Hub/Editor/2021.2.8f1/Editor/Data/MonoBleedingEdge/etc'
Using monoOptions --debugger-agent=transport=dt_socket,embedding=1,server=y,suspend=n,address=127.0.0.1:56152
Begin MonoManager ReloadAssembly
Registering precompiled unity dll's ...
Register platform support module: C:/Program Files/Unity/Hub/Editor/2021.2.8f1/Editor/Data/PlaybackEngines/WebGLSupport/UnityEditor.WebGL.Extensions.dll
Register platform support module: C:/Program Files/Unity/Hub/Editor/2021.2.8f1/Editor/Data/PlaybackEngines/WindowsStandaloneSupport/UnityEditor.WindowsStandalone.Extensions.dll
Registered in 0.006045 seconds.
Native extension for WindowsStandalone target not found
Native extension for WebGL target not found
Refreshing native plugins compatible for Editor in 28.00 ms, found 2 plugins.
Preloading 0 native plugins for Editor in 0.00 ms.
Mono: successfully reloaded assembly
- Completed reload, in  0.474 seconds
Domain Reload Profiling:
	ReloadAssembly (475ms)
		BeginReloadAssembly (70ms)
			ExecutionOrderSort (0ms)
			DisableScriptedObjects (0ms)
			BackupInstance (0ms)
			ReleaseScriptingObjects (0ms)
			CreateAndSetChildDomain (1ms)
		EndReloadAssembly (339ms)
			LoadAssemblies (66ms)
			RebuildTransferFunctionScriptingTraits (0ms)
			SetupTypeCache (80ms)
			ReleaseScriptCaches (0ms)
			RebuildScriptCaches (25ms)
			SetupLoadedEditorAssemblies (190ms)
				LogAssemblyErrors (0ms)
				InitializePlatformSupportModulesInManaged (14ms)
				SetLoadedEditorAssemblies (0ms)
				RefreshPlugins (28ms)
				BeforeProcessingInitializeOnLoad (1ms)
				ProcessInitializeOnLoadAttributes (109ms)
				ProcessInitializeOnLoadMethodAttributes (38ms)
				AfterProcessingInitializeOnLoad (0ms)
				EditorAssembliesLoaded (0ms)
			ExecutionOrderSort2 (0ms)
			AwakeInstancesAfterBackupRestoration (0ms)
Platform modules already initialized, skipping
Registering precompiled user dll's ...
Registered in 0.001849 seconds.
Begin MonoManager ReloadAssembly
Native extension for WindowsStandalone target not found
Native extension for WebGL target not found
Refreshing native plugins compatible for Editor in 26.79 ms, found 2 plugins.
Preloading 0 native plugins for Editor in 0.00 ms.
Mono: successfully reloaded assembly
- Completed reload, in  0.737 seconds
Domain Reload Profiling:
	ReloadAssembly (738ms)
		BeginReloadAssembly (100ms)
			ExecutionOrderSort (0ms)
			DisableScriptedObjects (6ms)
			BackupInstance (0ms)
			ReleaseScriptingObjects (0ms)
			CreateAndSetChildDomain (20ms)
		EndReloadAssembly (562ms)
			LoadAssemblies (68ms)
			RebuildTransferFunctionScriptingTraits (0ms)
			SetupTypeCache (138ms)
			ReleaseScriptCaches (0ms)
			RebuildScriptCaches (41ms)
			SetupLoadedEditorAssemblies (281ms)
				LogAssemblyErrors (0ms)
				InitializePlatformSupportModulesInManaged (11ms)
				SetLoadedEditorAssemblies (0ms)
				RefreshPlugins (27ms)
				BeforeProcessingInitializeOnLoad (49ms)
				ProcessInitializeOnLoadAttributes (169ms)
				ProcessInitializeOnLoadMethodAttributes (18ms)
				AfterProcessingInitializeOnLoad (7ms)
				EditorAssembliesLoaded (0ms)
			ExecutionOrderSort2 (0ms)
			AwakeInstancesAfterBackupRestoration (6ms)
Platform modules already initialized, skipping
========================================================================
Worker process is ready to serve import requests
Launched and connected shader compiler UnityShaderCompiler.exe after 0.05 seconds
Refreshing native plugins compatible for Editor in 0.52 ms, found 2 plugins.
Preloading 0 native plugins for Editor in 0.00 ms.
Unloading 2151 Unused Serialized files (Serialized files now loaded: 0)
Unloading 20 unused Assets / (57.6 KB). Loaded Objects now: 2618.
Memory consumption went from 93.2 MB to 93.2 MB.
Total: 2.874900 ms (FindLiveObjects: 0.270400 ms CreateObjectMapping: 0.059600 ms MarkObjects: 2.441500 ms  DeleteObjects: 0.101900 ms)

AssetImportParameters requested are different than current active one (requested -> active):
  custom:video-decoder-ogg-theora: a1e56fd34408186e4bbccfd4996cb3dc -> 
  custom:container-muxer-webm: aa71ff27fc2769a1b78a27578f13a17b -> 
  custom:container-demuxer-webm: 4f35f7cbe854078d1ac9338744f61a02 -> 
  custom:video-encoder-webm-vp8: eb34c28f22e8b96e1ab97ce403110664 -> 
  custom:audio-encoder-webm-vorbis: bf7c407c2cedff20999df2af8eb42d56 -> 
  custom:framework-win-MediaFoundation: 216162199b28c13a410421893ffa2e32 -> 
  custom:container-demuxer-ogg: 62fdf1f143b41e24485cea50d1cbac27 -> 
  custom:video-decoder-webm-vp8: 9c59270c3fd7afecdb556c50c9e8de78 -> 
  custom:audio-decoder-ogg-vorbis: bf7c407c2cedff20999df2af8eb42d56 -> 
========================================================================
Received Import Request.
  Time since last request: 513892.291526 seconds.
  path: Assets/Scenes/SampleScene.unity
  artifactKey: Guid(9fc0d4010bbf28b4594072e72b8655ab) Importer(815301076,1909f56bfc062723c751e8b465ee728b)
Start importing Assets/Scenes/SampleScene.unity using Guid(9fc0d4010bbf28b4594072e72b8655ab) Importer(815301076,1909f56bfc062723c751e8b465ee728b)  -> (artifact id: 'fe5804410322c8386a73bedf5a59ea87') in 0.017427 seconds 
========================================================================
Received Import Request.
  Time since last request: 80.311421 seconds.
  path: Assets/Mryotaisu/Models/ColliderDuct.fbx
  artifactKey: Guid(73130483139863244b3f556bca4bb54c) Importer(815301076,1909f56bfc062723c751e8b465ee728b)
Start importing Assets/Mryotaisu/Models/ColliderDuct.fbx using Guid(73130483139863244b3f556bca4bb54c) Importer(815301076,1909f56bfc062723c751e8b465ee728b)  -> (artifact id: '9ce93528a40150d1400c5cf5b9a1731f') in 0.191730 seconds 
========================================================================
Received Import Request.
  Time since last request: 0.000024 seconds.
  path: Assets/Mryotaisu/Models/LevelWall.fbx
  artifactKey: Guid(5c78dc1c12f3113448e260c9e5ffb84d) Importer(815301076,1909f56bfc062723c751e8b465ee728b)
Start importing Assets/Mryotaisu/Models/LevelWall.fbx using Guid(5c78dc1c12f3113448e260c9e5ffb84d) Importer(815301076,1909f56bfc062723c751e8b465ee728b)  -> (artifact id: 'db8bd869964877c07e557bbb80a6d4f3') in 0.033501 seconds 
========================================================================
Received Import Request.
  Time since last request: 0.000041 seconds.
  path: Assets/Mryotaisu/Models/LevelDuct.fbx
  artifactKey: Guid(fb41f3c66120fdc46ac9588835656af6) Importer(815301076,1909f56bfc062723c751e8b465ee728b)
Start importing Assets/Mryotaisu/Models/LevelDuct.fbx using Guid(fb41f3c66120fdc46ac9588835656af6) Importer(815301076,1909f56bfc062723c751e8b465ee728b)  -> (artifact id: 'e2686c90c5c8539372677efa8d85a734') in 0.034850 seconds 
========================================================================
Received Import Request.
  Time since last request: 0.000045 seconds.
  path: Assets/Mryotaisu/Models/LevelRoof.fbx
  artifactKey: Guid(e47a913893c58c04b99fcf5b24318d3c) Importer(815301076,1909f56bfc062723c751e8b465ee728b)
Start importing Assets/Mryotaisu/Models/LevelRoof.fbx using Guid(e47a913893c58c04b99fcf5b24318d3c) Importer(815301076,1909f56bfc062723c751e8b465ee728b)  -> (artifact id: '6c199299381db3e0fd0bfb2aae032fcd') in 0.038338 seconds 
========================================================================
Received Import Request.
  Time since last request: 0.000027 seconds.
  path: Assets/Mryotaisu/Models/ColliderRoof.fbx
  artifactKey: Guid(24a1bda92b5fe804db92e96e7c492e21) Importer(815301076,1909f56bfc062723c751e8b465ee728b)
Start importing Assets/Mryotaisu/Models/ColliderRoof.fbx using Guid(24a1bda92b5fe804db92e96e7c492e21) Importer(815301076,1909f56bfc062723c751e8b465ee728b)  -> (artifact id: 'b183f88167c780cd5271fa50249c4c12') in 0.031150 seconds 
========================================================================
Received Import Request.
  Time since last request: 0.000036 seconds.
  path: Assets/Mryotaisu/Models/LevelMonitor.fbx
  artifactKey: Guid(1f7c1a7adbdb5f44c90f0cba92d489a4) Importer(815301076,1909f56bfc062723c751e8b465ee728b)
Start importing Assets/Mryotaisu/Models/LevelMonitor.fbx using Guid(1f7c1a7adbdb5f44c90f0cba92d489a4) Importer(815301076,1909f56bfc062723c751e8b465ee728b)  -> (artifact id: '61fc740a327decc048df8e603052983a') in 0.034586 seconds 
========================================================================
Received Import Request.
  Time since last request: 0.000026 seconds.
  path: Assets/Mryotaisu/Models/ColliderMonitor.fbx
  artifactKey: Guid(507e072498ec1b94d99dd120652c6d37) Importer(815301076,1909f56bfc062723c751e8b465ee728b)
Start importing Assets/Mryotaisu/Models/ColliderMonitor.fbx using Guid(507e072498ec1b94d99dd120652c6d37) Importer(815301076,1909f56bfc062723c751e8b465ee728b)  -> (artifact id: 'fd375c834e681a89c9f6a8e412759425') in 0.030307 seconds 
========================================================================
Received Import Request.
  Time since last request: 0.000049 seconds.
  path: Assets/Mryotaisu/Models/ColliderWallDoorL.fbx
  artifactKey: Guid(bb2980e54dfcb874d9a2599eda4625cf) Importer(815301076,1909f56bfc062723c751e8b465ee728b)
Start importing Assets/Mryotaisu/Models/ColliderWallDoorL.fbx using Guid(bb2980e54dfcb874d9a2599eda4625cf) Importer(815301076,1909f56bfc062723c751e8b465ee728b)  -> (artifact id: 'bf1c2b205a139cb68ebf259b73b877f1') in 0.030222 seconds 
========================================================================
Received Import Request.
  Time since last request: 0.542295 seconds.
  path: Assets/Mryotaisu/Models/Materials/Body.png
  artifactKey: Guid(70cd39ab0a27dc34f8cf9f9de4d28805) Importer(815301076,1909f56bfc062723c751e8b465ee728b)
Start importing Assets/Mryotaisu/Models/Materials/Body.png using Guid(70cd39ab0a27dc34f8cf9f9de4d28805) Importer(815301076,1909f56bfc062723c751e8b465ee728b)  -> (artifact id: 'b607b02c48430b2949bfb71fedc21c75') in 0.076354 seconds 
========================================================================
Received Import Request.
  Time since last request: 0.000021 seconds.
  path: Assets/Mryotaisu/Models/Materials/BodyAo.png
  artifactKey: Guid(dae021a85f5c2994ba99925df9feb60e) Importer(815301076,1909f56bfc062723c751e8b465ee728b)
Start importing Assets/Mryotaisu/Models/Materials/BodyAo.png using Guid(dae021a85f5c2994ba99925df9feb60e) Importer(815301076,1909f56bfc062723c751e8b465ee728b)  -> (artifact id: '8e6a713b7abdab0e43d55ea2dfbaf2ae') in 0.015126 seconds 
========================================================================
Received Import Request.
  Time since last request: 0.000030 seconds.
  path: Assets/Mryotaisu/Models/Materials/BodyNormal.png
  artifactKey: Guid(0a67344156cdee1409641022129aa3ce) Importer(815301076,1909f56bfc062723c751e8b465ee728b)
Start importing Assets/Mryotaisu/Models/Materials/BodyNormal.png using Guid(0a67344156cdee1409641022129aa3ce) Importer(815301076,1909f56bfc062723c751e8b465ee728b)  -> (artifact id: '830366a431704687f73aeee8c991ca41') in 0.020295 seconds 
========================================================================
Received Import Request.
  Time since last request: 0.000038 seconds.
  path: Assets/Mryotaisu/Models/Materials/LevelNormal.png
  artifactKey: Guid(2a75cf7b83a82434e985c4f82297616e) Importer(815301076,1909f56bfc062723c751e8b465ee728b)
Start importing Assets/Mryotaisu/Models/Materials/LevelNormal.png using Guid(2a75cf7b83a82434e985c4f82297616e) Importer(815301076,1909f56bfc062723c751e8b465ee728b)  -> (artifact id: 'aee074404e9bf94d966e7e0bc1ebfe7e') in 0.020892 seconds 
========================================================================
Received Import Request.
  Time since last request: 0.000029 seconds.
  path: Assets/Mryotaisu/Models/Materials/HairIllum.png
  artifactKey: Guid(d63b5339a3bcba74599c1fce2fc54dcc) Importer(815301076,1909f56bfc062723c751e8b465ee728b)
Start importing Assets/Mryotaisu/Models/Materials/HairIllum.png using Guid(d63b5339a3bcba74599c1fce2fc54dcc) Importer(815301076,1909f56bfc062723c751e8b465ee728b)  -> (artifact id: 'e4e0d57e14073d570f21d96a6241c63a') in 0.021965 seconds 
========================================================================
Received Import Request.
  Time since last request: 0.000031 seconds.
  path: Assets/Mryotaisu/Models/Materials/LevelMetal.png
  artifactKey: Guid(f4e685f6fd26abb41bc15a046f7dd865) Importer(815301076,1909f56bfc062723c751e8b465ee728b)
Start importing Assets/Mryotaisu/Models/Materials/LevelMetal.png using Guid(f4e685f6fd26abb41bc15a046f7dd865) Importer(815301076,1909f56bfc062723c751e8b465ee728b)  -> (artifact id: '9375e34de7768652b4e5748057579066') in 0.016522 seconds 
========================================================================
Received Import Request.
  Time since last request: 0.000022 seconds.
  path: Assets/Mryotaisu/Models/Materials/Level.mat
  artifactKey: Guid(90cc5d6ade88f48458e05cf538795ce8) Importer(815301076,1909f56bfc062723c751e8b465ee728b)
Start importing Assets/Mryotaisu/Models/Materials/Level.mat using Guid(90cc5d6ade88f48458e05cf538795ce8) Importer(815301076,1909f56bfc062723c751e8b465ee728b)  -> (artifact id: '66fda1a32085e6b213fe3931b1f3e58f') in 0.069945 seconds 
========================================================================
Received Import Request.
  Time since last request: 0.000017 seconds.
  path: Assets/Mryotaisu/Models/Materials/Hair.png
  artifactKey: Guid(41d1f6bdcfbcf994dab28cf20d9b21dd) Importer(815301076,1909f56bfc062723c751e8b465ee728b)
Start importing Assets/Mryotaisu/Models/Materials/Hair.png using Guid(41d1f6bdcfbcf994dab28cf20d9b21dd) Importer(815301076,1909f56bfc062723c751e8b465ee728b)  -> (artifact id: '641cc7a0b862c1693ef698b1faf18076') in 0.029549 seconds 
========================================================================
Received Import Request.
  Time since last request: 0.000021 seconds.
  path: Assets/Mryotaisu/Models/Materials/Hair.mat
  artifactKey: Guid(fd472472335a5d34caf99825a905ca87) Importer(815301076,1909f56bfc062723c751e8b465ee728b)
Start importing Assets/Mryotaisu/Models/Materials/Hair.mat using Guid(fd472472335a5d34caf99825a905ca87) Importer(815301076,1909f56bfc062723c751e8b465ee728b)  -> (artifact id: '4ed74ddf7b262c1841c6fc64baa83a81') in 0.284597 seconds 
========================================================================
Received Import Request.
  Time since last request: 0.088236 seconds.
  path: Assets/Mryotaisu/Prefabs/LevelDuct.prefab
  artifactKey: Guid(3206c618679ccbc4e88d00b27b4e16c4) Importer(815301076,1909f56bfc062723c751e8b465ee728b)
Start importing Assets/Mryotaisu/Prefabs/LevelDuct.prefab using Guid(3206c618679ccbc4e88d00b27b4e16c4) Importer(815301076,1909f56bfc062723c751e8b465ee728b)  -> (artifact id: 'bc7cb934c3a6362cbb70fccbf833bb33') in 0.041052 seconds 
========================================================================
Received Import Request.
  Time since last request: 0.000054 seconds.
  path: Assets/Mryotaisu/Prefabs/Muryotaisu.prefab
  artifactKey: Guid(e4aedb39e9f545d4ea4823858526bc32) Importer(815301076,1909f56bfc062723c751e8b465ee728b)
Start importing Assets/Mryotaisu/Prefabs/Muryotaisu.prefab using Guid(e4aedb39e9f545d4ea4823858526bc32) Importer(815301076,1909f56bfc062723c751e8b465ee728b)  -> (artifact id: '72b761d2a10cfaae8ce365ec73a2680f') in 0.327483 seconds 
Editor requested this worker to shutdown with reason: Scaling down because of idle timeout
AssetImportWorker is now disconnected from the server
Process exiting
Exiting without the bug reporter. Application will terminate with return code 0